<?xml version="1.0" encoding="utf-8" standalone="no"?>
<!--This file represents the results of running a test suite-->
<test-results name="/home/garg/projects/sharp/flitterClientSharp/NUnit.exe" total="4" errors="0" failures="0" not-run="0" inconclusive="4" ignored="0" skipped="0" invalid="0" date="2017-12-23" time="01:10:29">
  <environment nunit-version="2.6.0.0" clr-version="4.0.30319.1" os-version="Unix 4.4.0.104" platform="Unix" cwd="/home/garg/projects/sharp/flitterClientSharp" machine-name="Garg-Dell" user="garg" user-domain="Garg-Dell" />
  <culture-info current-culture="zh-CN" current-uiculture="zh-CN" />
  <test-suite type="Assembly" name="/home/garg/projects/sharp/flitterClientSharp/NUnit.exe" executed="True" result="Inconclusive" success="False" time="0.034" asserts="0">
    <results>
      <test-suite type="Namespace" name="FlitterClient" executed="True" result="Inconclusive" success="False" time="0.028" asserts="0">
        <results>
          <test-suite type="TestFixture" name="LengthTest" executed="True" result="Inconclusive" success="False" time="0.022" asserts="0">
            <results>
              <test-case name="FlitterClient.LengthTest.TestConvertToLength" executed="True" result="Inconclusive" success="False" time="0.010" asserts="1">
                <reason>
                  <message><![CDATA[验证此测试方法的正确性]]></message>
                </reason>
              </test-case>
              <test-case name="FlitterClient.LengthTest.TestConvertToUlong" executed="True" result="Inconclusive" success="False" time="0.000" asserts="1">
                <reason>
                  <message><![CDATA[验证此测试方法的正确性]]></message>
                </reason>
              </test-case>
              <test-case name="FlitterClient.LengthTest.TestReadWrite" executed="True" result="Inconclusive" success="False" time="0.001" asserts="2">
                <reason>
                  <message><![CDATA[验证此测试方法的正确性]]></message>
                </reason>
              </test-case>
            </results>
          </test-suite>
          <test-suite type="TestFixture" name="MessageTest" executed="True" result="Inconclusive" success="False" time="0.003" asserts="0">
            <results>
              <test-case name="FlitterClient.MessageTest.TestReadWrite" executed="True" result="Inconclusive" success="False" time="0.002" asserts="2">
                <reason>
                  <message><![CDATA[验证此测试方法的正确性]]></message>
                </reason>
              </test-case>
            </results>
          </test-suite>
        </results>
      </test-suite>
    </results>
  </test-suite>
</test-results>