<?xml version="1.0" encoding="utf-8" standalone="no"?>
<!--This file represents the results of running a test suite-->
<test-results name="/home/garg/projects/sharp/flitterClientSharp/NUnit.exe" total="9" errors="0" failures="0" not-run="0" inconclusive="9" ignored="0" skipped="0" invalid="0" date="2018-01-14" time="17:14:08">
  <environment nunit-version="2.6.0.0" clr-version="4.0.30319.17020" os-version="Unix 4.4.0.104" platform="Unix" cwd="/home/garg/projects/sharp/flitterClientSharp" machine-name="Garg-Dell" user="garg" user-domain="Garg-Dell" />
  <culture-info current-culture="zh-CN" current-uiculture="zh-CN" />
  <test-suite type="Assembly" name="/home/garg/projects/sharp/flitterClientSharp/NUnit.exe" executed="True" result="Inconclusive" success="False" time="0.040" asserts="0">
    <results>
      <test-suite type="Namespace" name="FlitterClient" executed="True" result="Inconclusive" success="False" time="0.036" asserts="0">
        <results>
          <test-suite type="TestFixture" name="FrameMessageTest" executed="True" result="Inconclusive" success="False" time="0.017" asserts="0">
            <results>
              <test-case name="FlitterClient.FrameMessageTest.TestReadWrite" executed="True" result="Inconclusive" success="False" time="0.012" asserts="2">
                <reason>
                  <message><![CDATA[Test ReadWrite]]></message>
                </reason>
              </test-case>
            </results>
          </test-suite>
          <test-suite type="TestFixture" name="FrameQueuesMessageTest" executed="True" result="Inconclusive" success="False" time="0.003" asserts="0">
            <results>
              <test-case name="FlitterClient.FrameQueuesMessageTest.TestReadWrite" executed="True" result="Inconclusive" success="False" time="0.001" asserts="1">
                <reason>
                  <message><![CDATA[Test ReadWrite]]></message>
                </reason>
              </test-case>
            </results>
          </test-suite>
          <test-suite type="TestFixture" name="LengthTest" executed="True" result="Inconclusive" success="False" time="0.004" asserts="0">
            <results>
              <test-case name="FlitterClient.LengthTest.TestConvertToLength" executed="True" result="Inconclusive" success="False" time="0.001" asserts="1">
                <reason>
                  <message><![CDATA[Test ConvertToLength]]></message>
                </reason>
              </test-case>
              <test-case name="FlitterClient.LengthTest.TestConvertToUlong" executed="True" result="Inconclusive" success="False" time="0.001" asserts="1">
                <reason>
                  <message><![CDATA[Test ConvertToUlong]]></message>
                </reason>
              </test-case>
              <test-case name="FlitterClient.LengthTest.TestReadWrite" executed="True" result="Inconclusive" success="False" time="0.000" asserts="2">
                <reason>
                  <message><![CDATA[Test ReadWrite]]></message>
                </reason>
              </test-case>
            </results>
          </test-suite>
          <test-suite type="TestFixture" name="MessageTest" executed="True" result="Inconclusive" success="False" time="0.001" asserts="0">
            <results>
              <test-case name="FlitterClient.MessageTest.TestReadWrite" executed="True" result="Inconclusive" success="False" time="0.000" asserts="2">
                <reason>
                  <message><![CDATA[Test ReadWrite]]></message>
                </reason>
              </test-case>
            </results>
          </test-suite>
          <test-suite type="TestFixture" name="MessageTypeTest" executed="True" result="Inconclusive" success="False" time="0.002" asserts="0">
            <results>
              <test-case name="FlitterClient.MessageTypeTest.TestConvertToByte" executed="True" result="Inconclusive" success="False" time="0.000" asserts="1">
                <reason>
                  <message><![CDATA[Test ConvertToByte]]></message>
                </reason>
              </test-case>
              <test-case name="FlitterClient.MessageTypeTest.TestConvertToMessageType" executed="True" result="Inconclusive" success="False" time="0.000" asserts="1">
                <reason>
                  <message><![CDATA[Test ConvertToMessageType]]></message>
                </reason>
              </test-case>
              <test-case name="FlitterClient.MessageTypeTest.TestReadWrite" executed="True" result="Inconclusive" success="False" time="0.000" asserts="3">
                <reason>
                  <message><![CDATA[Test ReadWrite]]></message>
                </reason>
              </test-case>
            </results>
          </test-suite>
        </results>
      </test-suite>
    </results>
  </test-suite>
</test-results>